<?xml version="1.0" encoding="UTF-8"?>
<robot generator="Robot 7.0.1 (Python 3.12.3 on win32)" generated="2024-10-02T09:14:55.598207" rpa="false" schemaversion="5">
<suite id="s1" name="Test Robot" source="D:\BAITOEY\University\2567\1-2567\SoftDev\CICD Assigment\simple-api-robot\test_robot.robot">
<test id="s1-t1" name="GET /isodd/1" line="6">
<kw name="GET" owner="RequestsLibrary">
<msg time="2024-10-02T09:14:57.835594" level="INFO">GET Request : url=http://localhost:5000/isodd/1 
 path_url=/isodd/1 
 headers={'User-Agent': 'python-requests/2.31.0', 'Accept-Encoding': 'gzip, deflate', 'Accept': '*/*', 'Connection': 'keep-alive'} 
 body=None 
 </msg>
<msg time="2024-10-02T09:14:57.835594" level="INFO">GET Response : url=http://localhost:5000/isodd/1 
 status=200, reason=OK 
 headers={'Server': 'Werkzeug/3.0.3 Python/3.12.3', 'Date': 'Wed, 02 Oct 2024 02:14:57 GMT', 'Content-Type': 'text/html; charset=utf-8', 'Content-Length': '4', 'Connection': 'close'} 
 body=True 
 </msg>
<msg time="2024-10-02T09:14:57.835594" level="INFO">${response} = &lt;Response [200]&gt;</msg>
<var>${response}</var>
<arg>http://localhost:5000/isodd/1</arg>
<doc>Sends a GET request.</doc>
<status status="PASS" start="2024-10-02T09:14:55.767525" elapsed="2.068069"/>
</kw>
<kw name="Should Contain" owner="BuiltIn">
<arg>${response.content.decode('utf-8')}</arg>
<arg>True</arg>
<doc>Fails if ``container`` does not contain ``item`` one or more times.</doc>
<status status="PASS" start="2024-10-02T09:14:57.837120" elapsed="0.000000"/>
</kw>
<status status="PASS" start="2024-10-02T09:14:55.767017" elapsed="2.071632"/>
</test>
<test id="s1-t2" name="GET /isodd/0" line="10">
<kw name="GET" owner="RequestsLibrary">
<msg time="2024-10-02T09:14:59.899378" level="INFO">GET Request : url=http://localhost:5000/isodd/0 
 path_url=/isodd/0 
 headers={'User-Agent': 'python-requests/2.31.0', 'Accept-Encoding': 'gzip, deflate', 'Accept': '*/*', 'Connection': 'keep-alive'} 
 body=None 
 </msg>
<msg time="2024-10-02T09:14:59.899378" level="INFO">GET Response : url=http://localhost:5000/isodd/0 
 status=200, reason=OK 
 headers={'Server': 'Werkzeug/3.0.3 Python/3.12.3', 'Date': 'Wed, 02 Oct 2024 02:14:59 GMT', 'Content-Type': 'text/html; charset=utf-8', 'Content-Length': '5', 'Connection': 'close'} 
 body=False 
 </msg>
<msg time="2024-10-02T09:14:59.899378" level="INFO">${response} = &lt;Response [200]&gt;</msg>
<var>${response}</var>
<arg>http://localhost:5000/isodd/0</arg>
<doc>Sends a GET request.</doc>
<status status="PASS" start="2024-10-02T09:14:57.840180" elapsed="2.059198"/>
</kw>
<kw name="Should Contain" owner="BuiltIn">
<arg>${response.content.decode('utf-8')}</arg>
<arg>False</arg>
<doc>Fails if ``container`` does not contain ``item`` one or more times.</doc>
<status status="PASS" start="2024-10-02T09:14:59.900387" elapsed="0.000509"/>
</kw>
<status status="PASS" start="2024-10-02T09:14:57.840180" elapsed="2.061725"/>
</test>
<test id="s1-t3" name="GET /isodd/-2" line="14">
<kw name="GET" owner="RequestsLibrary">
<msg time="2024-10-02T09:15:01.930543" level="INFO">GET Request : url=http://localhost:5000/isodd/-2 
 path_url=/isodd/-2 
 headers={'User-Agent': 'python-requests/2.31.0', 'Accept-Encoding': 'gzip, deflate', 'Accept': '*/*', 'Connection': 'keep-alive'} 
 body=None 
 </msg>
<msg time="2024-10-02T09:15:01.931055" level="INFO">GET Response : url=http://localhost:5000/isodd/-2 
 status=200, reason=OK 
 headers={'Server': 'Werkzeug/3.0.3 Python/3.12.3', 'Date': 'Wed, 02 Oct 2024 02:15:01 GMT', 'Content-Type': 'text/html; charset=utf-8', 'Content-Length': '5', 'Connection': 'close'} 
 body=False 
 </msg>
<msg time="2024-10-02T09:15:01.931055" level="INFO">${response} = &lt;Response [200]&gt;</msg>
<var>${response}</var>
<arg>http://localhost:5000/isodd/-2</arg>
<doc>Sends a GET request.</doc>
<status status="PASS" start="2024-10-02T09:14:59.903419" elapsed="2.027636"/>
</kw>
<kw name="Should Contain" owner="BuiltIn">
<arg>${response.content.decode('utf-8')}</arg>
<arg>False</arg>
<doc>Fails if ``container`` does not contain ``item`` one or more times.</doc>
<status status="PASS" start="2024-10-02T09:15:01.931055" elapsed="0.001005"/>
</kw>
<status status="PASS" start="2024-10-02T09:14:59.902411" elapsed="2.030154"/>
</test>
<status status="PASS" start="2024-10-02T09:14:55.599723" elapsed="6.332842"/>
</suite>
<statistics>
<total>
<stat pass="3" fail="0" skip="0">All Tests</stat>
</total>
<tag>
</tag>
<suite>
<stat pass="3" fail="0" skip="0" id="s1" name="Test Robot">Test Robot</stat>
</suite>
</statistics>
<errors>
<msg time="2024-10-02T09:14:55.591100" level="WARN">Error in file 'D:\BAITOEY\University\2567\1-2567\SoftDev\CICD Assigment\simple-api-robot\test_robot.robot' on line 23: The '[Return]' setting is deprecated. Use the 'RETURN' statement instead.</msg>
</errors>
</robot>
