<?xml version="1.0" encoding="UTF-8"?>
<robot generator="Robot 7.0.1 (Python 3.12.3 on win32)" generated="2024-10-01T18:56:02.189042" rpa="false" schemaversion="5">
<suite id="s1" name="Test Robot" source="D:\BAITOEY\University\2567\1-2567\SoftDev\CICD Assigment\simple-api-robot\test_robot.robot">
<test id="s1-t1" name="GET /is_grade/3.7" line="6">
<kw name="GET" owner="RequestsLibrary">
<msg time="2024-10-01T18:56:04.327405" level="INFO">GET Request : url=http://localhost:5000/is_grade/3.7 
 path_url=/is_grade/3.7 
 headers={'User-Agent': 'python-requests/2.31.0', 'Accept-Encoding': 'gzip, deflate', 'Accept': '*/*', 'Connection': 'keep-alive'} 
 body=None 
 </msg>
<msg time="2024-10-01T18:56:04.327405" level="INFO">GET Response : url=http://localhost:5000/is_grade/3.7 
 status=200, reason=OK 
 headers={'Server': 'Werkzeug/3.0.3 Python/3.12.3', 'Date': 'Tue, 01 Oct 2024 11:56:04 GMT', 'Content-Type': 'text/html; charset=utf-8', 'Content-Length': '3', 'Connection': 'close'} 
 body=1st 
 </msg>
<msg time="2024-10-01T18:56:04.327405" level="INFO">${response} = &lt;Response [200]&gt;</msg>
<var>${response}</var>
<arg>http://localhost:5000/is_grade/3.7</arg>
<doc>Sends a GET request.</doc>
<status status="PASS" start="2024-10-01T18:56:02.281276" elapsed="2.046129"/>
</kw>
<kw name="Should Contain" owner="BuiltIn">
<arg>${response.content.decode('utf-8')}</arg>
<arg>1st</arg>
<doc>Fails if ``container`` does not contain ``item`` one or more times.</doc>
<status status="PASS" start="2024-10-01T18:56:04.328583" elapsed="0.001008"/>
</kw>
<status status="PASS" start="2024-10-01T18:56:02.280706" elapsed="2.049408"/>
</test>
<test id="s1-t2" name="GET /is_grade/3.3" line="10">
<kw name="GET" owner="RequestsLibrary">
<msg time="2024-10-01T18:56:06.376563" level="INFO">GET Request : url=http://localhost:5000/is_grade/3.3 
 path_url=/is_grade/3.3 
 headers={'User-Agent': 'python-requests/2.31.0', 'Accept-Encoding': 'gzip, deflate', 'Accept': '*/*', 'Connection': 'keep-alive'} 
 body=None 
 </msg>
<msg time="2024-10-01T18:56:06.377574" level="INFO">GET Response : url=http://localhost:5000/is_grade/3.3 
 status=200, reason=OK 
 headers={'Server': 'Werkzeug/3.0.3 Python/3.12.3', 'Date': 'Tue, 01 Oct 2024 11:56:06 GMT', 'Content-Type': 'text/html; charset=utf-8', 'Content-Length': '3', 'Connection': 'close'} 
 body=2nd 
 </msg>
<msg time="2024-10-01T18:56:06.377574" level="INFO">${response} = &lt;Response [200]&gt;</msg>
<var>${response}</var>
<arg>http://localhost:5000/is_grade/3.3</arg>
<doc>Sends a GET request.</doc>
<status status="PASS" start="2024-10-01T18:56:04.331120" elapsed="2.046454"/>
</kw>
<kw name="Should Contain" owner="BuiltIn">
<arg>${response.content.decode('utf-8')}</arg>
<arg>2nd</arg>
<doc>Fails if ``container`` does not contain ``item`` one or more times.</doc>
<status status="PASS" start="2024-10-01T18:56:06.378230" elapsed="0.000563"/>
</kw>
<status status="PASS" start="2024-10-01T18:56:04.330114" elapsed="2.049629"/>
</test>
<test id="s1-t3" name="GET /is_grade/2.5" line="14">
<kw name="GET" owner="RequestsLibrary">
<msg time="2024-10-01T18:56:08.421458" level="INFO">GET Request : url=http://localhost:5000/is_grade/2.5 
 path_url=/is_grade/2.5 
 headers={'User-Agent': 'python-requests/2.31.0', 'Accept-Encoding': 'gzip, deflate', 'Accept': '*/*', 'Connection': 'keep-alive'} 
 body=None 
 </msg>
<msg time="2024-10-01T18:56:08.421458" level="INFO">GET Response : url=http://localhost:5000/is_grade/2.5 
 status=200, reason=OK 
 headers={'Server': 'Werkzeug/3.0.3 Python/3.12.3', 'Date': 'Tue, 01 Oct 2024 11:56:08 GMT', 'Content-Type': 'text/html; charset=utf-8', 'Content-Length': '5', 'Connection': 'close'} 
 body=other 
 </msg>
<msg time="2024-10-01T18:56:08.421458" level="INFO">${response} = &lt;Response [200]&gt;</msg>
<var>${response}</var>
<arg>http://localhost:5000/is_grade/2.5</arg>
<doc>Sends a GET request.</doc>
<status status="PASS" start="2024-10-01T18:56:06.381765" elapsed="2.039693"/>
</kw>
<kw name="Should Contain" owner="BuiltIn">
<arg>${response.content.decode('utf-8')}</arg>
<arg>other</arg>
<doc>Fails if ``container`` does not contain ``item`` one or more times.</doc>
<status status="PASS" start="2024-10-01T18:56:08.421458" elapsed="0.001006"/>
</kw>
<status status="PASS" start="2024-10-01T18:56:06.381259" elapsed="2.041710"/>
</test>
<status status="PASS" start="2024-10-01T18:56:02.190586" elapsed="6.233898"/>
</suite>
<statistics>
<total>
<stat pass="3" fail="0" skip="0">All Tests</stat>
</total>
<tag>
</tag>
<suite>
<stat pass="3" fail="0" skip="0" id="s1" name="Test Robot">Test Robot</stat>
</suite>
</statistics>
<errors>
<msg time="2024-10-01T18:56:02.185562" level="WARN">Error in file 'D:\BAITOEY\University\2567\1-2567\SoftDev\CICD Assigment\simple-api-robot\test_robot.robot' on line 23: The '[Return]' setting is deprecated. Use the 'RETURN' statement instead.</msg>
</errors>
</robot>
